<?xml version="1.0" encoding="UTF-8"?>
<!-- Generated by org.testng.reporters.JUnitReportReporter -->
<testsuite hostname="DESKTOP-F8PE7CG" failures="0" tests="1" name="com.syntax.seleniumText__Asel__Sunday__Pages.TestNGTest" time="0.008" errors="0" timestamp="2020-05-19T14:23:30 EDT" skipped="0">
  <testcase classname="com.syntax.seleniumText__Asel__Sunday__Pages.TestNGTest" name="hello" time="0.008"/>
  <system-out/>
</testsuite> <!-- com.syntax.seleniumText__Asel__Sunday__Pages.TestNGTest -->
